<?xml version="1.0" encoding="UTF-8"?>
<!-- Generated by org.testng.reporters.JUnitReportReporter -->
<testsuite hostname="DESKTOP-T6KLQOF" failures="0" tests="1" name="driverFactory.DriverScript" time="23.475" errors="0" timestamp="2023-08-24T08:56:51 IST" skipped="0">
  <testcase classname="driverFactory.DriverScript" name="startTest" time="23.475">
    <system-out>
      <![CDATA[No of rows 9
Login Success::dashboard    http://orangehrm.qedgetech.com/symfony/web/index.php/dashboard
Login Fail::dashboard    http://orangehrm.qedgetech.com/symfony/web/index.php/auth/validateCredentials
Login Fail::dashboard    http://orangehrm.qedgetech.com/symfony/web/index.php/auth/validateCredentials
Login Fail::dashboard    http://orangehrm.qedgetech.com/symfony/web/index.php/auth/login
Login Success::dashboard    http://orangehrm.qedgetech.com/symfony/web/index.php/dashboard
Login Fail::dashboard    http://orangehrm.qedgetech.com/symfony/web/index.php/auth/login
Login Success::dashboard    http://orangehrm.qedgetech.com/symfony/web/index.php/dashboard
Login Fail::dashboard    http://orangehrm.qedgetech.com/symfony/web/index.php/auth/login
Login Success::dashboard    http://orangehrm.qedgetech.com/symfony/web/index.php/dashboard]]>
    </system-out>
  </testcase> <!-- startTest -->
  <system-out>
    <![CDATA[No of rows 9
Login Success::dashboard    http://orangehrm.qedgetech.com/symfony/web/index.php/dashboard
Login Fail::dashboard    http://orangehrm.qedgetech.com/symfony/web/index.php/auth/validateCredentials
Login Fail::dashboard    http://orangehrm.qedgetech.com/symfony/web/index.php/auth/validateCredentials
Login Fail::dashboard    http://orangehrm.qedgetech.com/symfony/web/index.php/auth/login
Login Success::dashboard    http://orangehrm.qedgetech.com/symfony/web/index.php/dashboard
Login Fail::dashboard    http://orangehrm.qedgetech.com/symfony/web/index.php/auth/login
Login Success::dashboard    http://orangehrm.qedgetech.com/symfony/web/index.php/dashboard
Login Fail::dashboard    http://orangehrm.qedgetech.com/symfony/web/index.php/auth/login
Login Success::dashboard    http://orangehrm.qedgetech.com/symfony/web/index.php/dashboard]]>
  </system-out>
</testsuite> <!-- driverFactory.DriverScript -->
